[31/Jan/2016 20:08:12] "POST /savebus HTTP/1.1" 200 13
[31/Jan/2016 20:09:55] "GET /bus HTTP/1.1" 200 4241
[31/Jan/2016 20:09:55] "GET /static/css/960.css HTTP/1.1" 304 0
[31/Jan/2016 20:09:55] "GET /static/css/jquery.dataTables.min.css HTTP/1.1" 304 0
[31/Jan/2016 20:09:55] "GET /static/css/bootstrap.min.css HTTP/1.1" 304 0
[31/Jan/2016 20:09:55] "GET /static/css/bootstrap-theme.min.css HTTP/1.1" 304 0
[31/Jan/2016 20:09:55] "GET /static/js/jquery-1.12.0.min.js HTTP/1.1" 304 0
[31/Jan/2016 20:09:55] "GET /static/css/style.css HTTP/1.1" 304 0
[31/Jan/2016 20:09:55] "GET /static/js/bootstrap.min.js HTTP/1.1" 304 0
[31/Jan/2016 20:09:55] "GET /static/css/reset.css HTTP/1.1" 304 0
[31/Jan/2016 20:09:55] "GET /static/js/jquery-ui-1.7.2.custom.min.js HTTP/1.1" 304 0
[31/Jan/2016 20:09:55] "GET /static/js/jquery.easing.js HTTP/1.1" 304 0
[31/Jan/2016 20:09:55] "GET /static/js/cufon-yui.js HTTP/1.1" 304 0
[31/Jan/2016 20:09:55] "GET /static/js/jquery.cycle.min.all.js HTTP/1.1" 304 0
[31/Jan/2016 20:09:55] "GET /static/js/jquery.easing.names.js HTTP/1.1" 304 0
[31/Jan/2016 20:09:55] "GET /static/js/TitilliumText15L_100-TitilliumText15L_400.font.js HTTP/1.1" 304 0
[31/Jan/2016 20:09:55] "GET /static/js/linesarray.js HTTP/1.1" 304 0
[31/Jan/2016 20:09:55] "GET /static/js/jquery.dataTables.min.js HTTP/1.1" 304 0
[31/Jan/2016 20:09:55] "GET /static/js/buslines.js HTTP/1.1" 200 2083
[31/Jan/2016 20:09:55] "GET /static/images/bg.gif HTTP/1.1" 304 0
[31/Jan/2016 20:10:21] "POST /savebus HTTP/1.1" 200 13
Performing system checks...

System check identified no issues (0 silenced).
January 31, 2016 - 20:07:00
Django version 1.8.7, using settings 'xmbus.settings'
Starting development server at http://192.168.72.100:8081/
Quit the server with CONTROL-C.
[u'10', u'\u6c5f\u5934\u5e02\u573a', u'118.138965', u'24.50017', u'5']
[u'muJQv9OpF0NlRL6jjIs3dv0drKPNifma']
[u'656', u'\u4e2d\u5c71\u533b\u9662', u'118.105206', u'24.477182', u'50']
[u'10', u'\u6c5f\u5934\u5e02\u573a', u'118.138965', u'24.50017', u'5']
[u'muJQv9OpF0NlRL6jjIs3dv0drKPNifma']
[u'656', u'\u4e2d\u5c71\u533b\u9662', u'118.105206', u'24.477182', u'50']
[u'105', u'\u6d2a\u4f55\u8def\u53e3', u'118.179927', u'24.489205', u'10']
[u'19B', u'\u6d77\u6ee8\u5927\u53a6', u'118.081487', u'24.459086', u'30']
[u'7', u'\u58a9\u4e0a\u8f66\u7ad9', u'118.169799', u'24.54099', u'0']
[31/Jan/2016 20:17:03] "GET /bus HTTP/1.1" 200 4241
[31/Jan/2016 20:17:03] "GET /static/css/960.css HTTP/1.1" 304 0
[31/Jan/2016 20:17:03] "GET /static/css/bootstrap.min.css HTTP/1.1" 304 0
[31/Jan/2016 20:17:03] "GET /static/css/bootstrap-theme.min.css HTTP/1.1" 304 0
[31/Jan/2016 20:17:03] "GET /static/css/reset.css HTTP/1.1" 304 0
[31/Jan/2016 20:17:03] "GET /static/css/jquery.dataTables.min.css HTTP/1.1" 304 0
[31/Jan/2016 20:17:03] "GET /static/js/jquery-1.12.0.min.js HTTP/1.1" 304 0
[31/Jan/2016 20:17:03] "GET /static/js/bootstrap.min.js HTTP/1.1" 304 0
[31/Jan/2016 20:17:03] "GET /static/js/jquery-ui-1.7.2.custom.min.js HTTP/1.1" 304 0
[31/Jan/2016 20:17:03] "GET /static/css/style.css HTTP/1.1" 304 0
[31/Jan/2016 20:17:03] "GET /static/js/cufon-yui.js HTTP/1.1" 304 0
[31/Jan/2016 20:17:03] "GET /static/js/jquery.cycle.min.all.js HTTP/1.1" 304 0
[31/Jan/2016 20:17:03] "GET /static/js/jquery.easing.js HTTP/1.1" 304 0
[31/Jan/2016 20:17:03] "GET /static/js/jquery.easing.names.js HTTP/1.1" 304 0
[31/Jan/2016 20:17:03] "GET /static/js/TitilliumText15L_100-TitilliumText15L_400.font.js HTTP/1.1" 304 0
[31/Jan/2016 20:17:03] "GET /static/js/linesarray.js HTTP/1.1" 304 0
[31/Jan/2016 20:17:03] "GET /static/js/jquery.dataTables.min.js HTTP/1.1" 304 0
[31/Jan/2016 20:17:03] "GET /static/js/buslines.js HTTP/1.1" 200 2110
[31/Jan/2016 20:17:04] "GET /static/images/bg.gif HTTP/1.1" 304 0
[31/Jan/2016 20:18:29] "POST /savebus HTTP/1.1" 500 150719
[31/Jan/2016 20:19:00] "GET /savebus HTTP/1.1" 200 10
[31/Jan/2016 20:19:59] "POST /savebus HTTP/1.1" 500 150719
[31/Jan/2016 20:20:02] "POST /savebus HTTP/1.1" 500 150719
Performing system checks...

System check identified no issues (0 silenced).
January 31, 2016 - 20:11:08
Django version 1.8.7, using settings 'xmbus.settings'
Starting development server at http://192.168.72.100:8081/
Quit the server with CONTROL-C.
[31/Jan/2016 20:23:11] "POST /savebus HTTP/1.1" 500 150719
[31/Jan/2016 20:23:12] "POST /savebus HTTP/1.1" 500 150719
Performing system checks...

System check identified no issues (0 silenced).
January 31, 2016 - 20:22:27
Django version 1.8.7, using settings 'xmbus.settings'
Starting development server at http://192.168.72.100:8081/
Quit the server with CONTROL-C.
Performing system checks...

System check identified no issues (0 silenced).
January 31, 2016 - 20:26:12
Django version 1.8.7, using settings 'xmbus.settings'
Starting development server at http://192.168.72.100:8081/
Quit the server with CONTROL-C.
[31/Jan/2016 20:27:44] "GET /savebus HTTP/1.1" 200 10
[31/Jan/2016 20:27:48] "GET /bus HTTP/1.1" 200 4241
[31/Jan/2016 20:27:49] "GET /static/js/buslines.js HTTP/1.1" 304 0
[31/Jan/2016 20:27:49] "GET /static/images/ball_orange.gif HTTP/1.1" 304 0
[31/Jan/2016 20:27:49] "GET /static/images/footerBG.gif HTTP/1.1" 304 0
[31/Jan/2016 20:27:49] "GET /static/images/contentBackground.jpg HTTP/1.1" 304 0
Performing system checks...

System check identified no issues (0 silenced).
January 31, 2016 - 20:27:14
Django version 1.8.7, using settings 'xmbus.settings'
Starting development server at http://192.168.72.100:8081/
Quit the server with CONTROL-C.
[31/Jan/2016 20:30:13] "POST /savebus HTTP/1.1" 200 13
Performing system checks...

System check identified no issues (0 silenced).
January 31, 2016 - 20:29:07
Django version 1.8.7, using settings 'xmbus.settings'
Starting development server at http://192.168.72.100:8081/
Quit the server with CONTROL-C.
[31/Jan/2016 20:31:45] "POST /savebus HTTP/1.1" 200 13
Performing system checks...

System check identified no issues (0 silenced).
January 31, 2016 - 20:30:26
Django version 1.8.7, using settings 'xmbus.settings'
Starting development server at http://192.168.72.100:8081/
Quit the server with CONTROL-C.
System check identified some issues:

WARNINGS:
busgps.Bd_Buslines.zdxh: (fields.W122) 'max_length' is ignored when used with IntegerField
	HINT: Remove 'max_length' from field

System check identified 1 issue (0 silenced).
Performing system checks...

January 31, 2016 - 20:33:44
Django version 1.8.7, using settings 'xmbus.settings'
Starting development server at http://192.168.72.100:8081/
Quit the server with CONTROL-C.
[31/Jan/2016 20:34:51] "GET /bus HTTP/1.1" 200 4241
[31/Jan/2016 20:34:51] "GET /static/css/960.css HTTP/1.1" 304 0
[31/Jan/2016 20:34:51] "GET /static/css/jquery.dataTables.min.css HTTP/1.1" 304 0
[31/Jan/2016 20:34:51] "GET /static/css/style.css HTTP/1.1" 304 0
[31/Jan/2016 20:34:51] "GET /static/css/reset.css HTTP/1.1" 304 0
[31/Jan/2016 20:34:51] "GET /static/css/bootstrap.min.css HTTP/1.1" 304 0
[31/Jan/2016 20:34:51] "GET /static/css/bootstrap-theme.min.css HTTP/1.1" 304 0
[31/Jan/2016 20:34:51] "GET /static/js/jquery-1.12.0.min.js HTTP/1.1" 304 0
[31/Jan/2016 20:34:51] "GET /static/js/bootstrap.min.js HTTP/1.1" 304 0
[31/Jan/2016 20:34:51] "GET /static/js/jquery-ui-1.7.2.custom.min.js HTTP/1.1" 304 0
[31/Jan/2016 20:34:51] "GET /static/js/jquery.cycle.min.all.js HTTP/1.1" 304 0
[31/Jan/2016 20:34:51] "GET /static/js/cufon-yui.js HTTP/1.1" 304 0
[31/Jan/2016 20:34:51] "GET /static/js/jquery.easing.js HTTP/1.1" 304 0
[31/Jan/2016 20:34:51] "GET /static/js/jquery.easing.names.js HTTP/1.1" 304 0
[31/Jan/2016 20:34:51] "GET /static/js/TitilliumText15L_100-TitilliumText15L_400.font.js HTTP/1.1" 304 0
[31/Jan/2016 20:34:51] "GET /static/js/linesarray.js HTTP/1.1" 304 0
[31/Jan/2016 20:34:51] "GET /static/js/jquery.dataTables.min.js HTTP/1.1" 304 0
[31/Jan/2016 20:34:51] "GET /static/js/buslines.js HTTP/1.1" 304 0
[31/Jan/2016 20:34:51] "GET /static/images/bg.gif HTTP/1.1" 304 0
[31/Jan/2016 20:37:34] "POST /savebus HTTP/1.1" 200 13
Performing system checks...

System check identified no issues (0 silenced).
January 31, 2016 - 20:34:01
Django version 1.8.7, using settings 'xmbus.settings'
Starting development server at http://192.168.72.100:8081/
Quit the server with CONTROL-C.
[31/Jan/2016 20:41:39] "GET /bus HTTP/1.1" 200 4241
[31/Jan/2016 20:41:39] "GET /static/css/960.css HTTP/1.1" 304 0
[31/Jan/2016 20:41:39] "GET /static/css/reset.css HTTP/1.1" 304 0
[31/Jan/2016 20:41:39] "GET /static/css/jquery.dataTables.min.css HTTP/1.1" 304 0
[31/Jan/2016 20:41:39] "GET /static/css/bootstrap.min.css HTTP/1.1" 304 0
[31/Jan/2016 20:41:39] "GET /static/css/style.css HTTP/1.1" 304 0
[31/Jan/2016 20:41:39] "GET /static/js/bootstrap.min.js HTTP/1.1" 304 0
[31/Jan/2016 20:41:39] "GET /static/css/bootstrap-theme.min.css HTTP/1.1" 304 0
[31/Jan/2016 20:41:39] "GET /static/js/jquery-1.12.0.min.js HTTP/1.1" 304 0
[31/Jan/2016 20:41:39] "GET /static/js/jquery-ui-1.7.2.custom.min.js HTTP/1.1" 304 0
[31/Jan/2016 20:41:39] "GET /static/js/cufon-yui.js HTTP/1.1" 304 0
[31/Jan/2016 20:41:39] "GET /static/js/jquery.cycle.min.all.js HTTP/1.1" 304 0
[31/Jan/2016 20:41:39] "GET /static/js/jquery.easing.names.js HTTP/1.1" 304 0
[31/Jan/2016 20:41:39] "GET /static/js/jquery.easing.js HTTP/1.1" 304 0
[31/Jan/2016 20:41:39] "GET /static/js/TitilliumText15L_100-TitilliumText15L_400.font.js HTTP/1.1" 304 0
[31/Jan/2016 20:41:39] "GET /static/js/jquery.dataTables.min.js HTTP/1.1" 304 0
[31/Jan/2016 20:41:39] "GET /static/js/linesarray.js HTTP/1.1" 304 0
[31/Jan/2016 20:41:39] "GET /static/js/buslines.js HTTP/1.1" 200 2110
[31/Jan/2016 20:41:39] "GET /static/images/bg.gif HTTP/1.1" 304 0
[31/Jan/2016 20:50:35] "GET /bus HTTP/1.1" 200 4241
[31/Jan/2016 20:50:35] "GET /static/css/reset.css HTTP/1.1" 304 0
[31/Jan/2016 20:50:35] "GET /static/css/960.css HTTP/1.1" 304 0
[31/Jan/2016 20:50:35] "GET /static/css/jquery.dataTables.min.css HTTP/1.1" 304 0
[31/Jan/2016 20:50:35] "GET /static/css/style.css HTTP/1.1" 304 0
[31/Jan/2016 20:50:35] "GET /static/css/bootstrap-theme.min.css HTTP/1.1" 304 0
[31/Jan/2016 20:50:35] "GET /static/js/jquery-1.12.0.min.js HTTP/1.1" 304 0
[31/Jan/2016 20:50:35] "GET /static/css/bootstrap.min.css HTTP/1.1" 304 0
[31/Jan/2016 20:50:35] "GET /static/js/bootstrap.min.js HTTP/1.1" 304 0
[31/Jan/2016 20:50:35] "GET /static/js/cufon-yui.js HTTP/1.1" 304 0
[31/Jan/2016 20:50:35] "GET /static/js/jquery-ui-1.7.2.custom.min.js HTTP/1.1" 304 0
[31/Jan/2016 20:50:35] "GET /static/js/jquery.cycle.min.all.js HTTP/1.1" 304 0
[31/Jan/2016 20:50:35] "GET /static/js/jquery.easing.js HTTP/1.1" 304 0
[31/Jan/2016 20:50:35] "GET /static/js/jquery.easing.names.js HTTP/1.1" 304 0
[31/Jan/2016 20:50:35] "GET /static/js/TitilliumText15L_100-TitilliumText15L_400.font.js HTTP/1.1" 304 0
[31/Jan/2016 20:50:35] "GET /static/js/jquery.dataTables.min.js HTTP/1.1" 304 0
[31/Jan/2016 20:50:35] "GET /static/js/linesarray.js HTTP/1.1" 304 0
[31/Jan/2016 20:50:35] "GET /static/js/buslines.js HTTP/1.1" 304 0
[31/Jan/2016 20:50:35] "GET /static/images/bg.gif HTTP/1.1" 304 0
[31/Jan/2016 21:00:09] "GET /bus HTTP/1.1" 200 4241
[31/Jan/2016 21:00:09] "GET /static/css/reset.css HTTP/1.1" 304 0
[31/Jan/2016 21:00:09] "GET /static/css/960.css HTTP/1.1" 304 0
[31/Jan/2016 21:00:09] "GET /static/css/style.css HTTP/1.1" 304 0
[31/Jan/2016 21:00:09] "GET /static/css/jquery.dataTables.min.css HTTP/1.1" 304 0
[31/Jan/2016 21:00:09] "GET /static/css/bootstrap-theme.min.css HTTP/1.1" 304 0
[31/Jan/2016 21:00:09] "GET /static/css/bootstrap.min.css HTTP/1.1" 304 0
[31/Jan/2016 21:00:09] "GET /static/js/jquery-1.12.0.min.js HTTP/1.1" 304 0
[31/Jan/2016 21:00:09] "GET /static/js/bootstrap.min.js HTTP/1.1" 304 0
[31/Jan/2016 21:00:09] "GET /static/js/jquery-ui-1.7.2.custom.min.js HTTP/1.1" 304 0
[31/Jan/2016 21:00:09] "GET /static/js/cufon-yui.js HTTP/1.1" 304 0
[31/Jan/2016 21:00:09] "GET /static/js/jquery.cycle.min.all.js HTTP/1.1" 304 0
[31/Jan/2016 21:00:09] "GET /static/js/jquery.easing.js HTTP/1.1" 304 0
[31/Jan/2016 21:00:09] "GET /static/js/jquery.easing.names.js HTTP/1.1" 304 0
[31/Jan/2016 21:00:09] "GET /static/js/TitilliumText15L_100-TitilliumText15L_400.font.js HTTP/1.1" 304 0
[31/Jan/2016 21:00:09] "GET /static/js/jquery.dataTables.min.js HTTP/1.1" 304 0
[31/Jan/2016 21:00:09] "GET /static/js/linesarray.js HTTP/1.1" 304 0
[31/Jan/2016 21:00:09] "GET /static/js/buslines.js HTTP/1.1" 304 0
[31/Jan/2016 21:00:09] "GET /static/images/bg.gif HTTP/1.1" 304 0
[31/Jan/2016 21:02:25] "GET /bus HTTP/1.1" 200 4241
[31/Jan/2016 21:02:25] "GET /static/css/reset.css HTTP/1.1" 304 0
[31/Jan/2016 21:02:25] "GET /static/css/jquery.dataTables.min.css HTTP/1.1" 304 0
[31/Jan/2016 21:02:25] "GET /static/css/960.css HTTP/1.1" 304 0
[31/Jan/2016 21:02:25] "GET /static/css/bootstrap.min.css HTTP/1.1" 304 0
[31/Jan/2016 21:02:25] "GET /static/css/style.css HTTP/1.1" 304 0
[31/Jan/2016 21:02:25] "GET /static/css/bootstrap-theme.min.css HTTP/1.1" 304 0
[31/Jan/2016 21:02:25] "GET /static/js/bootstrap.min.js HTTP/1.1" 304 0
[31/Jan/2016 21:02:25] "GET /static/js/jquery-1.12.0.min.js HTTP/1.1" 304 0
[31/Jan/2016 21:02:25] "GET /static/js/jquery-ui-1.7.2.custom.min.js HTTP/1.1" 304 0
[31/Jan/2016 21:02:25] "GET /static/js/cufon-yui.js HTTP/1.1" 304 0
[31/Jan/2016 21:02:25] "GET /static/js/jquery.cycle.min.all.js HTTP/1.1" 304 0
[31/Jan/2016 21:02:25] "GET /static/js/TitilliumText15L_100-TitilliumText15L_400.font.js HTTP/1.1" 304 0
[31/Jan/2016 21:02:25] "GET /static/js/jquery.easing.names.js HTTP/1.1" 304 0
[31/Jan/2016 21:02:25] "GET /static/js/jquery.easing.js HTTP/1.1" 304 0
[31/Jan/2016 21:02:25] "GET /static/js/linesarray.js HTTP/1.1" 304 0
[31/Jan/2016 21:02:25] "GET /static/js/jquery.dataTables.min.js HTTP/1.1" 304 0
[31/Jan/2016 21:02:25] "GET /static/js/buslines.js HTTP/1.1" 304 0
[31/Jan/2016 21:02:26] "GET /static/images/bg.gif HTTP/1.1" 304 0
[31/Jan/2016 21:05:09] "GET /bus HTTP/1.1" 200 4241
[31/Jan/2016 21:05:09] "GET /static/css/reset.css HTTP/1.1" 304 0
[31/Jan/2016 21:05:09] "GET /static/css/style.css HTTP/1.1" 304 0
[31/Jan/2016 21:05:09] "GET /static/css/960.css HTTP/1.1" 304 0
[31/Jan/2016 21:05:09] "GET /static/css/jquery.dataTables.min.css HTTP/1.1" 304 0
[31/Jan/2016 21:05:09] "GET /static/css/bootstrap.min.css HTTP/1.1" 304 0
[31/Jan/2016 21:05:09] "GET /static/css/bootstrap-theme.min.css HTTP/1.1" 304 0
[31/Jan/2016 21:05:09] "GET /static/js/jquery-1.12.0.min.js HTTP/1.1" 304 0
[31/Jan/2016 21:05:09] "GET /static/js/bootstrap.min.js HTTP/1.1" 304 0
[31/Jan/2016 21:05:09] "GET /static/js/jquery-ui-1.7.2.custom.min.js HTTP/1.1" 304 0
[31/Jan/2016 21:05:09] "GET /static/js/cufon-yui.js HTTP/1.1" 304 0
[31/Jan/2016 21:05:09] "GET /static/js/jquery.cycle.min.all.js HTTP/1.1" 304 0
[31/Jan/2016 21:05:09] "GET /static/js/jquery.easing.js HTTP/1.1" 304 0
[31/Jan/2016 21:05:09] "GET /static/js/jquery.easing.names.js HTTP/1.1" 304 0
[31/Jan/2016 21:05:09] "GET /static/js/jquery.dataTables.min.js HTTP/1.1" 304 0
[31/Jan/2016 21:05:09] "GET /static/js/TitilliumText15L_100-TitilliumText15L_400.font.js HTTP/1.1" 304 0
[31/Jan/2016 21:05:09] "GET /static/js/buslines.js HTTP/1.1" 304 0
[31/Jan/2016 21:05:09] "GET /static/js/linesarray.js HTTP/1.1" 304 0
[31/Jan/2016 21:05:10] "GET /static/images/bg.gif HTTP/1.1" 304 0
[31/Jan/2016 21:11:38] "POST /savebus HTTP/1.1" 200 13
[31/Jan/2016 21:55:51] "GET /bus HTTP/1.1" 200 4262
[31/Jan/2016 21:55:51] "GET /static/css/style.css HTTP/1.1" 304 0
[31/Jan/2016 21:55:51] "GET /static/css/960.css HTTP/1.1" 304 0
[31/Jan/2016 21:55:51] "GET /static/css/reset.css HTTP/1.1" 304 0
[31/Jan/2016 21:55:51] "GET /static/css/bootstrap-theme.min.css HTTP/1.1" 304 0
[31/Jan/2016 21:55:51] "GET /static/css/jquery.dataTables.min.css HTTP/1.1" 304 0
[31/Jan/2016 21:55:51] "GET /static/css/bootstrap.min.css HTTP/1.1" 304 0
[31/Jan/2016 21:55:51] "GET /static/js/jquery-1.12.0.min.js HTTP/1.1" 304 0
[31/Jan/2016 21:55:51] "GET /static/js/bootstrap.min.js HTTP/1.1" 304 0
[31/Jan/2016 21:55:51] "GET /static/js/jquery-ui-1.7.2.custom.min.js HTTP/1.1" 304 0
[31/Jan/2016 21:55:51] "GET /static/js/jquery.cycle.min.all.js HTTP/1.1" 304 0
[31/Jan/2016 21:55:51] "GET /static/js/cufon-yui.js HTTP/1.1" 304 0
[31/Jan/2016 21:55:51] "GET /static/js/jquery.easing.names.js HTTP/1.1" 304 0
[31/Jan/2016 21:55:51] "GET /static/js/jquery.easing.js HTTP/1.1" 304 0
[31/Jan/2016 21:55:51] "GET /static/js/TitilliumText15L_100-TitilliumText15L_400.font.js HTTP/1.1" 304 0
[31/Jan/2016 21:55:51] "GET /static/js/linesarray.js HTTP/1.1" 304 0
[31/Jan/2016 21:55:51] "GET /static/js/jquery.dataTables.min.js HTTP/1.1" 304 0
[31/Jan/2016 21:55:51] "GET /static/js/buslines.js HTTP/1.1" 200 2042
[31/Jan/2016 21:55:52] "GET /static/images/bg.gif HTTP/1.1" 304 0
[31/Jan/2016 21:59:25] "GET /bus HTTP/1.1" 200 4357
[31/Jan/2016 21:59:25] "GET /static/css/reset.css HTTP/1.1" 304 0
[31/Jan/2016 21:59:25] "GET /static/css/bootstrap-theme.min.css HTTP/1.1" 304 0
[31/Jan/2016 21:59:25] "GET /static/css/style.css HTTP/1.1" 304 0
[31/Jan/2016 21:59:25] "GET /static/css/960.css HTTP/1.1" 304 0
[31/Jan/2016 21:59:26] "GET /static/css/jquery.dataTables.min.css HTTP/1.1" 304 0
[31/Jan/2016 21:59:26] "GET /static/js/jquery-1.12.0.min.js HTTP/1.1" 304 0
[31/Jan/2016 21:59:26] "GET /static/css/bootstrap.min.css HTTP/1.1" 304 0
[31/Jan/2016 21:59:26] "GET /static/js/bootstrap.min.js HTTP/1.1" 304 0
[31/Jan/2016 21:59:26] "GET /static/js/jquery-ui-1.7.2.custom.min.js HTTP/1.1" 304 0
[31/Jan/2016 21:59:26] "GET /static/js/jquery.cycle.min.all.js HTTP/1.1" 304 0
[31/Jan/2016 21:59:26] "GET /static/js/cufon-yui.js HTTP/1.1" 304 0
[31/Jan/2016 21:59:26] "GET /static/js/jquery.easing.js HTTP/1.1" 304 0
[31/Jan/2016 21:59:26] "GET /static/js/jquery.easing.names.js HTTP/1.1" 304 0
[31/Jan/2016 21:59:26] "GET /static/js/TitilliumText15L_100-TitilliumText15L_400.font.js HTTP/1.1" 304 0
[31/Jan/2016 21:59:26] "GET /static/js/jquery.dataTables.min.js HTTP/1.1" 304 0
[31/Jan/2016 21:59:26] "GET /static/js/buslines.js HTTP/1.1" 200 2081
[31/Jan/2016 21:59:26] "GET /static/js/linesarray.js HTTP/1.1" 304 0
[31/Jan/2016 21:59:26] "GET /static/images/bg.gif HTTP/1.1" 304 0
[31/Jan/2016 21:59:50] "GET /bus HTTP/1.1" 200 4357
[31/Jan/2016 21:59:50] "GET /static/css/960.css HTTP/1.1" 304 0
[31/Jan/2016 21:59:50] "GET /static/css/style.css HTTP/1.1" 304 0
[31/Jan/2016 21:59:50] "GET /static/css/bootstrap.min.css HTTP/1.1" 304 0
[31/Jan/2016 21:59:50] "GET /static/css/jquery.dataTables.min.css HTTP/1.1" 304 0
[31/Jan/2016 21:59:50] "GET /static/css/reset.css HTTP/1.1" 304 0
[31/Jan/2016 21:59:50] "GET /static/css/bootstrap-theme.min.css HTTP/1.1" 304 0
[31/Jan/2016 21:59:50] "GET /static/js/jquery-1.12.0.min.js HTTP/1.1" 304 0
[31/Jan/2016 21:59:50] "GET /static/js/bootstrap.min.js HTTP/1.1" 304 0
[31/Jan/2016 21:59:50] "GET /static/js/cufon-yui.js HTTP/1.1" 304 0
[31/Jan/2016 21:59:50] "GET /static/js/jquery.cycle.min.all.js HTTP/1.1" 304 0
[31/Jan/2016 21:59:50] "GET /static/js/jquery-ui-1.7.2.custom.min.js HTTP/1.1" 304 0
[31/Jan/2016 21:59:50] "GET /static/js/jquery.easing.js HTTP/1.1" 304 0
[31/Jan/2016 21:59:50] "GET /static/js/TitilliumText15L_100-TitilliumText15L_400.font.js HTTP/1.1" 304 0
[31/Jan/2016 21:59:50] "GET /static/js/linesarray.js HTTP/1.1" 304 0
[31/Jan/2016 21:59:50] "GET /static/js/jquery.easing.names.js HTTP/1.1" 304 0
[31/Jan/2016 21:59:50] "GET /static/js/jquery.dataTables.min.js HTTP/1.1" 304 0
[31/Jan/2016 21:59:50] "GET /static/js/buslines.js HTTP/1.1" 304 0
[31/Jan/2016 21:59:51] "GET /static/images/bg.gif HTTP/1.1" 304 0
[31/Jan/2016 22:01:05] "GET /bus HTTP/1.1" 200 4382
[31/Jan/2016 22:01:05] "GET /static/css/960.css HTTP/1.1" 304 0
[31/Jan/2016 22:01:05] "GET /static/css/style.css HTTP/1.1" 304 0
[31/Jan/2016 22:01:05] "GET /static/css/jquery.dataTables.min.css HTTP/1.1" 304 0
[31/Jan/2016 22:01:05] "GET /static/css/bootstrap.min.css HTTP/1.1" 304 0
[31/Jan/2016 22:01:05] "GET /static/css/reset.css HTTP/1.1" 304 0
[31/Jan/2016 22:01:05] "GET /static/css/bootstrap-theme.min.css HTTP/1.1" 304 0
[31/Jan/2016 22:01:05] "GET /static/js/jquery-1.12.0.min.js HTTP/1.1" 304 0
[31/Jan/2016 22:01:06] "GET /static/js/jquery-ui-1.7.2.custom.min.js HTTP/1.1" 304 0
[31/Jan/2016 22:01:06] "GET /static/js/bootstrap.min.js HTTP/1.1" 304 0
[31/Jan/2016 22:01:06] "GET /static/js/jquery.cycle.min.all.js HTTP/1.1" 304 0
[31/Jan/2016 22:01:06] "GET /static/js/jquery.easing.js HTTP/1.1" 304 0
[31/Jan/2016 22:01:06] "GET /static/js/jquery.easing.names.js HTTP/1.1" 304 0
[31/Jan/2016 22:01:06] "GET /static/js/cufon-yui.js HTTP/1.1" 304 0
[31/Jan/2016 22:01:06] "GET /static/js/TitilliumText15L_100-TitilliumText15L_400.font.js HTTP/1.1" 304 0
[31/Jan/2016 22:01:06] "GET /static/js/jquery.dataTables.min.js HTTP/1.1" 304 0
[31/Jan/2016 22:01:06] "GET /static/js/linesarray.js HTTP/1.1" 304 0
[31/Jan/2016 22:01:06] "GET /static/js/buslines.js HTTP/1.1" 304 0
[31/Jan/2016 22:01:06] "GET /static/images/bg.gif HTTP/1.1" 304 0
[31/Jan/2016 22:01:25] "GET /static/images/sort_both.png HTTP/1.1" 404 1678
[31/Jan/2016 22:01:25] "GET /static/images/sort_asc.png HTTP/1.1" 404 1675
Performing system checks...

System check identified no issues (0 silenced).
January 31, 2016 - 20:39:26
Django version 1.8.7, using settings 'xmbus.settings'
Starting development server at http://192.168.72.100:8081/
Quit the server with CONTROL-C.
[01/Feb/2016 00:43:41] "GET /favicon.ico HTTP/1.1" 404 2301
[02/Feb/2016 15:04:07] "GET /bus HTTP/1.1" 200 4382
[02/Feb/2016 15:04:07] "GET /static/css/reset.css HTTP/1.1" 200 648
[02/Feb/2016 15:04:07] "GET /static/css/jquery.dataTables.min.css HTTP/1.1" 200 15130
[02/Feb/2016 15:04:07] "GET /static/css/bootstrap-theme.min.css HTTP/1.1" 200 19207
[02/Feb/2016 15:04:07] "GET /static/css/style.css HTTP/1.1" 200 19447
[02/Feb/2016 15:04:07] "GET /static/css/960.css HTTP/1.1" 200 5365
[02/Feb/2016 15:04:08] "GET /static/js/bootstrap.min.js HTTP/1.1" 200 34653
[02/Feb/2016 15:04:08] "GET /static/js/jquery-1.12.0.min.js HTTP/1.1" 200 97362
[02/Feb/2016 15:04:08] "GET /static/css/bootstrap.min.css HTTP/1.1" 200 114019
[02/Feb/2016 15:04:08] "GET /static/js/jquery-ui-1.7.2.custom.min.js HTTP/1.1" 200 35540
[02/Feb/2016 15:04:08] "GET /static/js/jquery.easing.names.js HTTP/1.1" 200 1726
[02/Feb/2016 15:04:08] "GET /static/js/jquery.cycle.min.all.js HTTP/1.1" 200 28104
[02/Feb/2016 15:04:08] "GET /static/js/TitilliumText15L_100-TitilliumText15L_400.font.js HTTP/1.1" 200 27646
[02/Feb/2016 15:04:08] "GET /static/js/jquery.easing.js HTTP/1.1" 200 8097
[02/Feb/2016 15:04:08] "GET /static/js/linesarray.js HTTP/1.1" 200 137
[02/Feb/2016 15:04:08] "GET /static/js/cufon-yui.js HTTP/1.1" 200 18626
[02/Feb/2016 15:04:08] "GET /static/js/buslines.js HTTP/1.1" 200 2081
[02/Feb/2016 15:04:08] "GET /static/js/jquery.dataTables.min.js HTTP/1.1" 200 78746
[02/Feb/2016 15:04:08] "GET /static/images/bg.gif HTTP/1.1" 200 1275
[02/Feb/2016 15:04:08] "GET /static/images/footerBG.gif HTTP/1.1" 200 62
[02/Feb/2016 15:04:08] "GET /static/images/ball_orange.gif HTTP/1.1" 200 330
[02/Feb/2016 15:04:08] "GET /static/images/contentBackground.jpg HTTP/1.1" 200 34246
[02/Feb/2016 15:04:08] "GET /favicon.ico HTTP/1.1" 404 2301
[02/Feb/2016 15:04:19] "GET /static/images/sort_both.png HTTP/1.1" 404 1678
[02/Feb/2016 15:04:19] "GET /static/images/sort_asc.png HTTP/1.1" 404 1675
[02/Feb/2016 15:07:14] "GET /bus HTTP/1.1" 200 4382
[02/Feb/2016 15:07:14] "GET /static/css/jquery.dataTables.min.css HTTP/1.1" 304 0
[02/Feb/2016 15:07:14] "GET /static/css/bootstrap.min.css HTTP/1.1" 304 0
[02/Feb/2016 15:07:14] "GET /static/css/style.css HTTP/1.1" 304 0
[02/Feb/2016 15:07:14] "GET /static/css/960.css HTTP/1.1" 304 0
[02/Feb/2016 15:07:14] "GET /static/css/reset.css HTTP/1.1" 304 0
[02/Feb/2016 15:07:14] "GET /static/css/bootstrap-theme.min.css HTTP/1.1" 304 0
[02/Feb/2016 15:07:14] "GET /static/js/jquery-1.12.0.min.js HTTP/1.1" 304 0
[02/Feb/2016 15:07:14] "GET /static/js/bootstrap.min.js HTTP/1.1" 304 0
[02/Feb/2016 15:07:14] "GET /static/js/jquery-ui-1.7.2.custom.min.js HTTP/1.1" 304 0
[02/Feb/2016 15:07:14] "GET /static/js/cufon-yui.js HTTP/1.1" 304 0
[02/Feb/2016 15:07:14] "GET /static/js/jquery.easing.js HTTP/1.1" 304 0
[02/Feb/2016 15:07:14] "GET /static/js/jquery.cycle.min.all.js HTTP/1.1" 304 0
[02/Feb/2016 15:07:14] "GET /static/js/TitilliumText15L_100-TitilliumText15L_400.font.js HTTP/1.1" 304 0
[02/Feb/2016 15:07:14] "GET /static/js/jquery.easing.names.js HTTP/1.1" 304 0
[02/Feb/2016 15:07:14] "GET /static/js/jquery.dataTables.min.js HTTP/1.1" 304 0
[02/Feb/2016 15:07:14] "GET /static/js/linesarray.js HTTP/1.1" 304 0
[02/Feb/2016 15:07:14] "GET /static/js/buslines.js HTTP/1.1" 304 0
[02/Feb/2016 15:07:15] "GET /static/images/bg.gif HTTP/1.1" 304 0
[02/Feb/2016 15:12:45] "GET /bus HTTP/1.1" 200 4382
[02/Feb/2016 15:12:45] "GET /static/css/reset.css HTTP/1.1" 304 0
[02/Feb/2016 15:12:45] "GET /static/css/960.css HTTP/1.1" 304 0
[02/Feb/2016 15:12:45] "GET /static/css/style.css HTTP/1.1" 304 0
[02/Feb/2016 15:12:45] "GET /static/css/jquery.dataTables.min.css HTTP/1.1" 304 0
[02/Feb/2016 15:12:45] "GET /static/css/bootstrap.min.css HTTP/1.1" 304 0
[02/Feb/2016 15:12:45] "GET /static/js/jquery-1.12.0.min.js HTTP/1.1" 304 0
[02/Feb/2016 15:12:45] "GET /static/css/bootstrap-theme.min.css HTTP/1.1" 304 0
[02/Feb/2016 15:12:45] "GET /static/js/jquery-ui-1.7.2.custom.min.js HTTP/1.1" 304 0
[02/Feb/2016 15:12:45] "GET /static/js/bootstrap.min.js HTTP/1.1" 304 0
[02/Feb/2016 15:12:45] "GET /static/js/cufon-yui.js HTTP/1.1" 304 0
[02/Feb/2016 15:12:45] "GET /static/js/jquery.cycle.min.all.js HTTP/1.1" 304 0
[02/Feb/2016 15:12:45] "GET /static/js/jquery.easing.js HTTP/1.1" 304 0
[02/Feb/2016 15:12:45] "GET /static/js/jquery.easing.names.js HTTP/1.1" 304 0
[02/Feb/2016 15:12:45] "GET /static/js/TitilliumText15L_100-TitilliumText15L_400.font.js HTTP/1.1" 304 0
[02/Feb/2016 15:12:45] "GET /static/js/jquery.dataTables.min.js HTTP/1.1" 304 0
[02/Feb/2016 15:12:45] "GET /static/js/linesarray.js HTTP/1.1" 200 105
[02/Feb/2016 15:12:45] "GET /static/js/buslines.js HTTP/1.1" 304 0
[02/Feb/2016 15:12:46] "GET /static/images/bg.gif HTTP/1.1" 304 0
[02/Feb/2016 16:01:07] "GET /bus HTTP/1.1" 200 4382
[02/Feb/2016 16:01:07] "GET /static/css/reset.css HTTP/1.1" 304 0
[02/Feb/2016 16:01:07] "GET /static/css/960.css HTTP/1.1" 304 0
[02/Feb/2016 16:01:07] "GET /static/css/style.css HTTP/1.1" 304 0
[02/Feb/2016 16:01:07] "GET /static/css/bootstrap.min.css HTTP/1.1" 304 0
[02/Feb/2016 16:01:07] "GET /static/css/jquery.dataTables.min.css HTTP/1.1" 304 0
[02/Feb/2016 16:01:08] "GET /static/js/jquery-1.12.0.min.js HTTP/1.1" 304 0
[02/Feb/2016 16:01:08] "GET /static/js/bootstrap.min.js HTTP/1.1" 304 0
[02/Feb/2016 16:01:08] "GET /static/css/bootstrap-theme.min.css HTTP/1.1" 304 0
[02/Feb/2016 16:01:08] "GET /static/js/jquery-ui-1.7.2.custom.min.js HTTP/1.1" 304 0
[02/Feb/2016 16:01:08] "GET /static/js/cufon-yui.js HTTP/1.1" 304 0
[02/Feb/2016 16:01:08] "GET /static/js/jquery.cycle.min.all.js HTTP/1.1" 304 0
[02/Feb/2016 16:01:08] "GET /static/js/jquery.easing.js HTTP/1.1" 304 0
[02/Feb/2016 16:01:08] "GET /static/js/jquery.easing.names.js HTTP/1.1" 304 0
[02/Feb/2016 16:01:08] "GET /static/js/jquery.dataTables.min.js HTTP/1.1" 304 0
[02/Feb/2016 16:01:08] "GET /static/js/TitilliumText15L_100-TitilliumText15L_400.font.js HTTP/1.1" 304 0
[02/Feb/2016 16:01:08] "GET /static/js/linesarray.js HTTP/1.1" 200 36
[02/Feb/2016 16:01:08] "GET /static/js/buslines.js HTTP/1.1" 304 0
[02/Feb/2016 16:01:08] "GET /static/images/bg.gif HTTP/1.1" 304 0
[02/Feb/2016 16:02:51] "POST /savebus HTTP/1.1" 200 11
[02/Feb/2016 16:10:43] "GET /bus HTTP/1.1" 200 4382
[02/Feb/2016 16:10:43] "GET /static/css/960.css HTTP/1.1" 304 0
[02/Feb/2016 16:10:43] "GET /static/css/style.css HTTP/1.1" 304 0
[02/Feb/2016 16:10:43] "GET /static/css/jquery.dataTables.min.css HTTP/1.1" 304 0
[02/Feb/2016 16:10:43] "GET /static/css/reset.css HTTP/1.1" 304 0
[02/Feb/2016 16:10:43] "GET /static/css/bootstrap.min.css HTTP/1.1" 304 0
[02/Feb/2016 16:10:43] "GET /static/css/bootstrap-theme.min.css HTTP/1.1" 304 0
[02/Feb/2016 16:10:43] "GET /static/js/bootstrap.min.js HTTP/1.1" 304 0
[02/Feb/2016 16:10:43] "GET /static/js/jquery-1.12.0.min.js HTTP/1.1" 304 0
[02/Feb/2016 16:10:43] "GET /static/js/jquery.easing.js HTTP/1.1" 304 0
[02/Feb/2016 16:10:43] "GET /static/js/jquery-ui-1.7.2.custom.min.js HTTP/1.1" 304 0
[02/Feb/2016 16:10:43] "GET /static/js/jquery.cycle.min.all.js HTTP/1.1" 304 0
[02/Feb/2016 16:10:43] "GET /static/js/cufon-yui.js HTTP/1.1" 304 0
[02/Feb/2016 16:10:43] "GET /static/js/TitilliumText15L_100-TitilliumText15L_400.font.js HTTP/1.1" 304 0
[02/Feb/2016 16:10:43] "GET /static/js/jquery.easing.names.js HTTP/1.1" 304 0
[02/Feb/2016 16:10:43] "GET /static/js/jquery.dataTables.min.js HTTP/1.1" 304 0
[02/Feb/2016 16:10:43] "GET /static/js/buslines.js HTTP/1.1" 200 2081
[02/Feb/2016 16:10:43] "GET /static/js/linesarray.js HTTP/1.1" 304 0
Performing system checks...

System check identified no issues (0 silenced).
February 02, 2016 - 15:03:41
Django version 1.8.7, using settings 'xmbus.settings'
Starting development server at http://192.168.72.100:8081/
Quit the server with CONTROL-C.
[02/Feb/2016 16:11:17] "POST /savebus HTTP/1.1" 200 11
[02/Feb/2016 16:25:15] "GET /bus HTTP/1.1" 200 4382
[02/Feb/2016 16:25:15] "GET /static/css/960.css HTTP/1.1" 304 0
[02/Feb/2016 16:25:15] "GET /static/css/jquery.dataTables.min.css HTTP/1.1" 304 0
[02/Feb/2016 16:25:15] "GET /static/css/style.css HTTP/1.1" 304 0
[02/Feb/2016 16:25:15] "GET /static/css/bootstrap-theme.min.css HTTP/1.1" 304 0
[02/Feb/2016 16:25:15] "GET /static/css/bootstrap.min.css HTTP/1.1" 304 0
[02/Feb/2016 16:25:15] "GET /static/css/reset.css HTTP/1.1" 304 0
[02/Feb/2016 16:25:15] "GET /static/js/jquery-1.12.0.min.js HTTP/1.1" 304 0
[02/Feb/2016 16:25:15] "GET /static/js/jquery-ui-1.7.2.custom.min.js HTTP/1.1" 304 0
[02/Feb/2016 16:25:15] "GET /static/js/bootstrap.min.js HTTP/1.1" 304 0
[02/Feb/2016 16:25:15] "GET /static/js/jquery.easing.js HTTP/1.1" 304 0
[02/Feb/2016 16:25:15] "GET /static/js/jquery.cycle.min.all.js HTTP/1.1" 304 0
[02/Feb/2016 16:25:15] "GET /static/js/cufon-yui.js HTTP/1.1" 304 0
[02/Feb/2016 16:25:15] "GET /static/js/jquery.easing.names.js HTTP/1.1" 304 0
[02/Feb/2016 16:25:15] "GET /static/js/TitilliumText15L_100-TitilliumText15L_400.font.js HTTP/1.1" 304 0
[02/Feb/2016 16:25:15] "GET /static/js/jquery.dataTables.min.js HTTP/1.1" 304 0
[02/Feb/2016 16:25:15] "GET /static/js/buslines.js HTTP/1.1" 304 0
[02/Feb/2016 16:25:15] "GET /static/js/linesarray.js HTTP/1.1" 200 33
[02/Feb/2016 16:25:15] "GET /static/images/bg.gif HTTP/1.1" 200 1275
[02/Feb/2016 16:25:20] "GET /bus HTTP/1.1" 200 4382
[02/Feb/2016 16:25:20] "GET /static/css/960.css HTTP/1.1" 304 0
[02/Feb/2016 16:25:20] "GET /static/css/style.css HTTP/1.1" 304 0
[02/Feb/2016 16:25:20] "GET /static/css/bootstrap.min.css HTTP/1.1" 304 0
[02/Feb/2016 16:25:20] "GET /static/css/reset.css HTTP/1.1" 304 0
[02/Feb/2016 16:25:20] "GET /static/css/jquery.dataTables.min.css HTTP/1.1" 304 0
[02/Feb/2016 16:25:20] "GET /static/css/bootstrap-theme.min.css HTTP/1.1" 304 0
[02/Feb/2016 16:25:20] "GET /static/js/jquery-1.12.0.min.js HTTP/1.1" 304 0
[02/Feb/2016 16:25:20] "GET /static/js/bootstrap.min.js HTTP/1.1" 304 0
[02/Feb/2016 16:25:20] "GET /static/js/jquery-ui-1.7.2.custom.min.js HTTP/1.1" 304 0
[02/Feb/2016 16:25:20] "GET /static/js/jquery.cycle.min.all.js HTTP/1.1" 304 0
[02/Feb/2016 16:25:20] "GET /static/js/jquery.easing.js HTTP/1.1" 304 0
[02/Feb/2016 16:25:20] "GET /static/js/TitilliumText15L_100-TitilliumText15L_400.font.js HTTP/1.1" 304 0
[02/Feb/2016 16:25:20] "GET /static/js/jquery.easing.names.js HTTP/1.1" 304 0
[02/Feb/2016 16:25:20] "GET /static/js/cufon-yui.js HTTP/1.1" 304 0
[02/Feb/2016 16:25:20] "GET /static/js/linesarray.js HTTP/1.1" 304 0
[02/Feb/2016 16:25:20] "GET /static/js/jquery.dataTables.min.js HTTP/1.1" 304 0
[02/Feb/2016 16:25:20] "GET /static/js/buslines.js HTTP/1.1" 304 0
[02/Feb/2016 16:25:20] "GET /static/images/bg.gif HTTP/1.1" 304 0
[02/Feb/2016 16:25:43] "POST /savebus HTTP/1.1" 200 11
Performing system checks...

System check identified no issues (0 silenced).
February 02, 2016 - 16:10:47
Django version 1.8.7, using settings 'xmbus.settings'
Starting development server at http://192.168.72.100:8081/
Quit the server with CONTROL-C.
[02/Feb/2016 16:26:02] "GET /bus HTTP/1.1" 200 4382
[02/Feb/2016 16:26:03] "GET /static/css/reset.css HTTP/1.1" 304 0
[02/Feb/2016 16:26:03] "GET /static/css/960.css HTTP/1.1" 304 0
[02/Feb/2016 16:26:03] "GET /static/css/bootstrap.min.css HTTP/1.1" 304 0
[02/Feb/2016 16:26:03] "GET /static/css/jquery.dataTables.min.css HTTP/1.1" 304 0
[02/Feb/2016 16:26:03] "GET /static/css/style.css HTTP/1.1" 304 0
[02/Feb/2016 16:26:03] "GET /static/css/bootstrap-theme.min.css HTTP/1.1" 304 0
[02/Feb/2016 16:26:03] "GET /static/js/jquery-1.12.0.min.js HTTP/1.1" 304 0
[02/Feb/2016 16:26:03] "GET /static/js/bootstrap.min.js HTTP/1.1" 304 0
[02/Feb/2016 16:26:03] "GET /static/js/jquery-ui-1.7.2.custom.min.js HTTP/1.1" 304 0
[02/Feb/2016 16:26:03] "GET /static/js/jquery.easing.js HTTP/1.1" 304 0
[02/Feb/2016 16:26:03] "GET /static/js/jquery.cycle.min.all.js HTTP/1.1" 304 0
[02/Feb/2016 16:26:03] "GET /static/js/jquery.easing.names.js HTTP/1.1" 304 0
[02/Feb/2016 16:26:03] "GET /static/js/cufon-yui.js HTTP/1.1" 304 0
[02/Feb/2016 16:26:03] "GET /static/js/jquery.dataTables.min.js HTTP/1.1" 304 0
[02/Feb/2016 16:26:03] "GET /static/js/TitilliumText15L_100-TitilliumText15L_400.font.js HTTP/1.1" 304 0
[02/Feb/2016 16:26:03] "GET /static/js/linesarray.js HTTP/1.1" 304 0
[02/Feb/2016 16:26:03] "GET /static/js/buslines.js HTTP/1.1" 200 2081
[02/Feb/2016 16:26:03] "GET /static/images/bg.gif HTTP/1.1" 304 0
[02/Feb/2016 16:26:11] "POST /savebus HTTP/1.1" 200 11
